<?xml version="1.0" encoding="UTF-8"?>
<!-- Generated by org.testng.reporters.JUnitReportReporter -->
<testsuite skipped="0" hostname="TIPS" name="addCustomer.AddCustomer_UsingTestNg" tests="2" failures="0" timestamp="2022-03-05T14:05:40 CST" time="35.545" errors="0">
  <testcase name="loginTest" time="4.833" classname="addCustomer.AddCustomer_UsingTestNg"/>
  <system-out/>
  <testcase name="addCustomer" time="30.712" classname="addCustomer.AddCustomer_UsingTestNg"/>
  <system-out/>
</testsuite> <!-- addCustomer.AddCustomer_UsingTestNg -->
