<?xml version="1.0" encoding="UTF-8"?>
<!-- Generated by org.testng.reporters.JUnitReportReporter -->
<testsuite skipped="0" hostname="TIPS" name="windowHandler.WindowHandler_exe" tests="2" failures="0" timestamp="2022-02-05T11:26:20 CST" time="27.127" errors="0">
  <testcase name="init" time="5.684" classname="windowHandler.WindowHandler_exe"/>
  <system-out/>
  <testcase name="launchBrowser" time="21.443" classname="windowHandler.WindowHandler_exe"/>
  <system-out/>
</testsuite> <!-- windowHandler.WindowHandler_exe -->
